vessel,1362495804,21,1104,39
wind_speed,1362495864,48.9,-30.3,18.3
vessel,1362495864,2,1904,12
wind_speed,1362495924,36.1,-47.5,14.2
vessel,1362495984,0,1088,26
vessel,1362496044,2,1441,40
vessel,1362496284,9,1187,87
vessel,1362496524,3,1011,85
vessel,1362496584,8,1381,28
vessel,1362496704,2,1800,94
wind_speed,1362496764,36.1,-47.5,7.6
wind_speed,1362496764,25.2,-46.8,2.5
wind_speed,1362496764,25.2,-46.8,8.3
wind_speed,1362496944,48.9,-30.3,17.3
vessel,1362497004,24,1526,97
vessel,1362497124,13,1703,57
vessel,1362497184,20,1888,31
wind_speed,1362497184,30.9,-19.2,9.9
wind_speed,1362497304,25.2,-46.8,5.5
vessel,1362497424,4,1692,26
vessel,1362497424,14,1876,86
wind_speed,1362497724,30.9,-19.2,4.0
vessel,1362497784,8,1537,26
wind_speed,1362497904,48.9,-30.3,6.3
vessel,1362497904,5,1348,25
wind_speed,1362497964,30.9,-19.2,15.5
wind_speed,1362498024,30.9,-19.2,5.7
vessel,1362498144,7,1946,69
vessel,1362498204,24,1873,92
wind_speed,1362498564,48.9,-30.3,8.5
vessel,1362498684,11,1670,65
vessel,1362498864,21,1328,1
vessel,1362498864,17,1840,0
wind_speed,1362498924,36.1,-47.5,11.5
wind_speed,1362498984,25.2,-46.8,18.9
wind_speed,1362499104,25.2,-46.8,15.9
vessel,1362499464,6,1936,13
vessel,1362499464,21,1222,87
vessel,1362499524,14,1189,72
vessel,1362499584,19,1267,64
wind_speed,1362499584,36.1,-47.5,3.2
vessel,1362499644,6,1369,57
vessel,1362499764,9,1574,92
wind_speed,1362499944,30.9,-19.2,13.4
wind_speed,1362500004,36.1,-47.5,8.7
vessel,1362500064,16,1140,1
wind_speed,1362500064,30.9,-19.2,15.2
vessel,1362500544,7,1775,1
wind_speed,1362500784,48.9,-30.3,1.7
wind_speed,1362500904,30.9,-19.2,10.9
wind_speed,1362501024,30.9,-19.2,14.6
vessel,1362501024,23,1326,23
vessel,1362501084,22,1222,53
wind_speed,1362501144,36.1,-47.5,4.4
vessel,1362501264,5,1839,25
vessel,1362501624,22,1976,86
vessel,1362501684,20,1054,17
vessel,1362501804,23,1967,18
vessel,1362501804,17,1833,40
vessel,1362501924,20,1094,13
vessel,1362502104,8,1343,17
wind_speed,1362502224,48.9,-30.3,1.4
wind_speed,1362502224,30.9,-19.2,7.3
vessel,1362502224,19,1751,22
vessel,1362502284,6,1529,36
wind_speed,1362502344,48.9,-30.3,11.7
vessel,1362502344,12,1913,18
vessel,1362502344,3,1075,51
vessel,1362502404,8,1586,69
vessel,1362502464,7,1463,73
wind_speed,1362502464,25.2,-46.8,6.4
vessel,1362502524,24,1380,53
wind_speed,1362502644,25.2,-46.8,2.6
vessel,1362502644,2,1694,23
vessel,1362502704,15,1570,66
vessel,1362502764,22,1700,14
vessel,1362502764,21,1386,40
vessel,1362502824,17,1327,89
vessel,1362502824,15,1952,40
vessel,1362502884,5,1689,77
wind_speed,1362502884,48.9,-30.3,5.2
wind_speed,1362502884,48.9,-30.3,6.3
vessel,1362502944,23,1431,19
vessel,1362502944,17,1083,10
wind_speed,1362503064,36.1,-47.5,11.8
wind_speed,1362503184,36.1,-47.5,3.4
wind_speed,1362503304,25.2,-46.8,8.7
vessel,1362503304,19,1065,20
vessel,1362503544,3,1865,79
wind_speed,1362503664,25.2,-46.8,17.4
wind_speed,1362503784,25.2,-46.8,15.7
wind_speed,1362503844,25.2,-46.8,13.9
vessel,1362503964,14,1113,16
vessel,1362503964,11,1307,74
wind_speed,1362504084,25.2,-46.8,5.8
vessel,1362504144,3,1599,5
wind_speed,1362504264,36.1,-47.5,7.5
vessel,1362504264,9,1618,72
vessel,1362504264,13,1821,76
vessel,1362504444,18,1209,51
vessel,1362504564,9,1380,54
vessel,1362504684,17,1096,43
vessel,1362504684,8,1860,51
wind_speed,1362504684,25.2,-46.8,15.0
wind_speed,1362504744,30.9,-19.2,9.1
wind_speed,1362504744,48.9,-30.3,12.2
vessel,1362504924,14,1096,16
vessel,1362504984,12,1056,81
wind_speed,1362504984,48.9,-30.3,14.3
wind_speed,1362505104,30.9,-19.2,5.2
wind_speed,1362505344,48.9,-30.3,8.8
wind_speed,1362505404,30.9,-19.2,18.8
wind_speed,1362505524,30.9,-19.2,17.0
wind_speed,1362505524,25.2,-46.8,2.0
wind_speed,1362505584,36.1,-47.5,11.9
vessel,1362505584,21,1393,44
wind_speed,1362505764,48.9,-30.3,12.5
vessel,1362505764,4,1368,61
wind_speed,1362505884,48.9,-30.3,16.6
vessel,1362506064,20,1492,58
vessel,1362506064,18,1511,89
wind_speed,1362506124,30.9,-19.2,3.1
vessel,1362506304,24,1456,98
wind_speed,1362506304,48.9,-30.3,6.8
vessel,1362506424,17,1998,90
wind_speed,1362506484,25.2,-46.8,11.2
wind_speed,1362506664,48.9,-30.3,0.4
vessel,1362506664,9,1097,42
wind_speed,1362506724,30.9,-19.2,9.3
wind_speed,1362506724,30.9,-19.2,3.3
wind_speed,1362506784,36.1,-47.5,11.0
vessel,1362506844,3,1023,62
wind_speed,1362506964,36.1,-47.5,2.4
vessel,1362507084,3,1812,75
wind_speed,1362507084,48.9,-30.3,5.1
wind_speed,1362507264,30.9,-19.2,8.7
wind_speed,1362507384,30.9,-19.2,3.7
vessel,1362507444,14,1909,2
vessel,1362507504,24,1140,83
wind_speed,1362507564,48.9,-30.3,2.4
wind_speed,1362507624,25.2,-46.8,19.0
vessel,1362507684,10,1813,7
vessel,1362507744,16,1276,31
wind_speed,1362507924,25.2,-46.8,1.7
vessel,1362507984,6,1476,78
vessel,1362507984,1,1712,92
wind_speed,1362508044,25.2,-46.8,14.9
wind_speed,1362508104,36.1,-47.5,19.7
vessel,1362508104,0,1348,25
vessel,1362508224,24,1731,59
wind_speed,1362508284,30.9,-19.2,5.5
vessel,1362508284,20,1902,23
wind_speed,1362508344,25.2,-46.8,14.8
vessel,1362508404,4,1965,76
wind_speed,1362508464,30.9,-19.2,6.9
vessel,1362508524,20,1429,32
vessel,1362508644,7,1516,95
wind_speed,1362508644,30.9,-19.2,0.5
wind_speed,1362508704,25.2,-46.8,19.6
wind_speed,1362508704,36.1,-47.5,6.8
wind_speed,1362508944,25.2,-46.8,14.1
vessel,1362509064,16,1045,36
vessel,1362509064,8,1938,18
wind_speed,1362509064,30.9,-19.2,0.9
vessel,1362509064,16,1529,19
vessel,1362509124,21,1508,0
wind_speed,1362509124,25.2,-46.8,7.9
vessel,1362509244,9,1844,74
vessel,1362509544,20,1142,67
vessel,1362509544,17,1178,22
wind_speed,1362509604,48.9,-30.3,15.0
wind_speed,1362509604,25.2,-46.8,19.5
vessel,1362509664,10,1232,12
vessel,1362509844,20,1904,40
wind_speed,1362509844,48.9,-30.3,7.9
wind_speed,1362510024,36.1,-47.5,3.7
wind_speed,1362510084,48.9,-30.3,14.6
wind_speed,1362510144,25.2,-46.8,9.5
vessel,1362510384,19,1611,33
vessel,1362510504,23,1178,3
vessel,1362510564,3,1552,71
wind_speed,1362510564,25.2,-46.8,14.5
vessel,1362510564,20,1360,67
wind_speed,1362510744,25.2,-46.8,12.8
wind_speed,1362510804,36.1,-47.5,15.4
vessel,1362510864,12,1948,23
vessel,1362510924,15,1901,91
wind_speed,1362510924,36.1,-47.5,10.8
vessel,1362510984,4,1223,27
wind_speed,1362511044,48.9,-30.3,7.1
wind_speed,1362511104,30.9,-19.2,3.2
vessel,1362511344,13,1764,93
vessel,1362511404,20,1970,82
vessel,1362511464,12,1486,26
vessel,1362511524,6,1312,31
vessel,1362511584,18,1186,67
wind_speed,1362511644,36.1,-47.5,5.4
vessel,1362511644,21,1143,35
wind_speed,1362511764,25.2,-46.8,5.6
wind_speed,1362511944,30.9,-19.2,5.6
wind_speed,1362512124,30.9,-19.2,7.8
vessel,1362512124,4,1790,98
vessel,1362512184,20,1228,61
wind_speed,1362512184,36.1,-47.5,12.9
vessel,1362512784,16,1589,17
wind_speed,1362512844,25.2,-46.8,1.3
wind_speed,1362512904,25.2,-46.8,2.1
wind_speed,1362513084,30.9,-19.2,5.6
wind_speed,1362513204,48.9,-30.3,11.1
vessel,1362513264,6,1701,4
wind_speed,1362513384,48.9,-30.3,19.3
vessel,1362513504,0,1697,17
vessel,1362513504,7,1447,57
vessel,1362513624,3,1975,78
wind_speed,1362513924,36.1,-47.5,11.7
vessel,1362513984,3,1135,36
vessel,1362514044,9,1199,41
wind_speed,1362514044,25.2,-46.8,10.3
vessel,1362514044,20,1335,23
wind_speed,1362514164,30.9,-19.2,11.4
wind_speed,1362514284,48.9,-30.3,3.6
vessel,1362514344,11,1004,4
wind_speed,1362514344,48.9,-30.3,8.8
wind_speed,1362514404,48.9,-30.3,14.6
wind_speed,1362514404,36.1,-47.5,10.6
vessel,1362514464,22,1776,9
vessel,1362514644,20,1216,57
vessel,1362514644,9,1802,48
vessel,1362514704,20,1071,9
wind_speed,1362514704,25.2,-46.8,15.9
vessel,1362514764,11,1162,81
vessel,1362514884,20,1605,79
vessel,1362515004,9,1213,32
vessel,1362515004,17,1753,30
vessel,1362515064,3,1916,32
vessel,1362515124,16,1927,33
vessel,1362515124,18,1341,5
vessel,1362515184,18,1638,99
vessel,1362515184,24,1863,96
wind_speed,1362515544,36.1,-47.5,12.7
wind_speed,1362515664,25.2,-46.8,12.3
wind_speed,1362515664,36.1,-47.5,5.5
wind_speed,1362515724,36.1,-47.5,4.5
vessel,1362515784,16,1476,98
vessel,1362515844,1,1020,73
wind_speed,1362515904,36.1,-47.5,12.5
vessel,1362515964,12,1351,23
wind_speed,1362516084,25.2,-46.8,9.8
vessel,1362516144,22,1940,30
wind_speed,1362516204,48.9,-30.3,8.4
wind_speed,1362516264,36.1,-47.5,1.0
vessel,1362516264,15,1437,7
wind_speed,1362516504,25.2,-46.8,11.0
wind_speed,1362516504,36.1,-47.5,13.4
wind_speed,1362516564,36.1,-47.5,16.4
vessel,1362516624,1,1673,1
wind_speed,1362516684,25.2,-46.8,2.7
vessel,1362516804,19,1579,66
vessel,1362516924,9,1283,52
wind_speed,1362517044,48.9,-30.3,15.9
wind_speed,1362517104,36.1,-47.5,0.1
vessel,1362517104,18,1457,93
vessel,1362517104,0,1216,51
wind_speed,1362517284,25.2,-46.8,3.7
wind_speed,1362517464,30.9,-19.2,13.1
wind_speed,1362517464,30.9,-19.2,17.2
wind_speed,1362517944,36.1,-47.5,15.6
vessel,1362518004,16,1386,38
wind_speed,1362518064,30.9,-19.2,11.9
wind_speed,1362518064,25.2,-46.8,13.0
vessel,1362518124,15,1239,51
vessel,1362518184,0,1442,6
vessel,1362518244,3,1138,24
vessel,1362518304,8,1807,78
wind_speed,1362518304,25.2,-46.8,11.2
vessel,1362518364,5,1854,7
wind_speed,1362518364,48.9,-30.3,10.4
wind_speed,1362518424,36.1,-47.5,8.8
vessel,1362518484,16,1483,70
vessel,1362518484,10,1680,79
wind_speed,1362518484,25.2,-46.8,10.6
vessel,1362519024,18,1322,62
vessel,1362519384,4,1559,95
wind_speed,1362519384,48.9,-30.3,2.8
vessel,1362519444,23,1457,54
wind_speed,1362519504,48.9,-30.3,13.9
vessel,1362519504,7,1507,8
vessel,1362519564,3,1006,20
wind_speed,1362519684,48.9,-30.3,0.3
wind_speed,1362519804,36.1,-47.5,15.7
wind_speed,1362519984,25.2,-46.8,0.4
wind_speed,1362520044,30.9,-19.2,10.5
vessel,1362520104,18,1279,40
wind_speed,1362520104,25.2,-46.8,7.1
wind_speed,1362520104,30.9,-19.2,9.2
wind_speed,1362520164,36.1,-47.5,16.1
vessel,1362520344,10,1530,95
wind_speed,1362520344,30.9,-19.2,7.0
vessel,1362520344,9,1532,55
wind_speed,1362520524,30.9,-19.2,0.7
wind_speed,1362520584,30.9,-19.2,18.2
vessel,1362520644,16,1823,81
vessel,1362520644,12,1504,82
vessel,1362520824,23,1460,9
vessel,1362520944,19,1968,77
wind_speed,1362521124,25.2,-46.8,2.8
vessel,1362521184,23,1606,54
vessel,1362521364,17,1392,46
vessel,1362521424,10,1847,91
wind_speed,1362521484,48.9,-30.3,15.5
vessel,1362521544,16,1466,19
vessel,1362521604,7,1091,90
wind_speed,1362521664,36.1,-47.5,17.8
wind_speed,1362521664,36.1,-47.5,11.4
vessel,1362521664,2,1519,34
wind_speed,1362521664,48.9,-30.3,4.9
wind_speed,1362521844,25.2,-46.8,2.5
vessel,1362521964,23,1699,12
wind_speed,1362522024,36.1,-47.5,8.7
wind_speed,1362522084,36.1,-47.5,8.8
vessel,1362522084,16,1689,13
vessel,1362522204,10,1307,42
wind_speed,1362522204,36.1,-47.5,3.4
wind_speed,1362522324,25.2,-46.8,15.3
wind_speed,1362522384,25.2,-46.8,0.0
wind_speed,1362522384,30.9,-19.2,17.1
vessel,1362522564,2,1530,8
wind_speed,1362522624,36.1,-47.5,16.1
wind_speed,1362522624,36.1,-47.5,0.6
vessel,1362522684,3,1215,76
vessel,1362522684,8,1724,80
vessel,1362522744,1,1365,30
vessel,1362522804,16,1479,59
wind_speed,1362522804,36.1,-47.5,19.4
vessel,1362522804,10,1894,79
vessel,1362522864,1,1287,33
vessel,1362522864,2,1361,46
wind_speed,1362522864,25.2,-46.8,5.8
vessel,1362522864,14,1564,4
vessel,1362522864,0,1497,52
wind_speed,1362522924,48.9,-30.3,4.2
wind_speed,1362523104,36.1,-47.5,1.6
vessel,1362523164,20,1206,65
wind_speed,1362523464,36.1,-47.5,7.8
wind_speed,1362523464,36.1,-47.5,4.9
vessel,1362523524,4,1284,6
vessel,1362523644,5,1190,22
wind_speed,1362523644,30.9,-19.2,8.3
vessel,1362523704,14,1265,59
vessel,1362523704,14,1089,3
vessel,1362523764,4,1230,15
wind_speed,1362523824,36.1,-47.5,4.1
wind_speed,1362523824,30.9,-19.2,11.8
wind_speed,1362523824,36.1,-47.5,3.9
wind_speed,1362523824,48.9,-30.3,7.8
wind_speed,1362523944,48.9,-30.3,19.2
vessel,1362524004,7,1657,70
vessel,1362524064,12,1299,74
vessel,1362524064,0,1585,54
wind_speed,1362524124,48.9,-30.3,14.9
wind_speed,1362524184,25.2,-46.8,2.5
vessel,1362524244,0,1260,13
vessel,1362524604,18,1629,49
vessel,1362524604,22,1354,2
wind_speed,1362525024,48.9,-30.3,5.7
vessel,1362525084,1,1182,60
vessel,1362525204,4,1872,87
vessel,1362525264,9,1112,97
vessel,1362525264,7,1567,17
wind_speed,1362525444,30.9,-19.2,15.0
vessel,1362525564,6,1543,7
vessel,1362525624,15,1503,82
wind_speed,1362525624,36.1,-47.5,19.2
vessel,1362525744,10,1872,17
wind_speed,1362525744,48.9,-30.3,13.1
vessel,1362525804,21,1018,63
vessel,1362525984,19,1256,69
wind_speed,1362526224,48.9,-30.3,9.7
vessel,1362526344,7,1807,77
vessel,1362526464,2,1223,48
vessel,1362526524,1,1884,88
vessel,1362526584,24,1815,74
vessel,1362526764,18,1320,76
wind_speed,1362526764,25.2,-46.8,1.9
wind_speed,1362527004,25.2,-46.8,0.9
vessel,1362527004,13,1233,71
wind_speed,1362527064,25.2,-46.8,16.5
wind_speed,1362527244,36.1,-47.5,13.5
vessel,1362527244,21,1046,79
wind_speed,1362527304,48.9,-30.3,11.6
wind_speed,1362527424,48.9,-30.3,18.4
vessel,1362527424,23,1456,11
wind_speed,1362527484,36.1,-47.5,8.4
vessel,1362527604,3,1271,32
vessel,1362527664,24,1015,89
vessel,1362527664,12,1750,67
vessel,1362527724,12,1177,99
wind_speed,1362527784,48.9,-30.3,14.6
vessel,1362527844,21,1301,88
vessel,1362527964,22,1121,85
vessel,1362527964,11,1511,36
vessel,1362528204,20,1352,16
wind_speed,1362528264,30.9,-19.2,12.2
wind_speed,1362528384,30.9,-19.2,15.1
wind_speed,1362528384,25.2,-46.8,2.9
vessel,1362528504,6,1550,99
vessel,1362528564,11,1984,47
wind_speed,1362528684,48.9,-30.3,5.0
wind_speed,1362528744,36.1,-47.5,6.5
vessel,1362528804,14,1706,28
wind_speed,1362528864,36.1,-47.5,17.0
wind_speed,1362528924,48.9,-30.3,11.8
vessel,1362529044,24,1529,52
wind_speed,1362529104,25.2,-46.8,18.5
wind_speed,1362529164,36.1,-47.5,18.8
wind_speed,1362529164,30.9,-19.2,15.9
wind_speed,1362529404,25.2,-46.8,17.1
vessel,1362529464,7,1542,41
wind_speed,1362529524,30.9,-19.2,6.9
vessel,1362529644,0,1522,51
wind_speed,1362529704,30.9,-19.2,3.4
vessel,1362529884,11,1304,70
vessel,1362529884,24,1547,83
wind_speed,1362530004,30.9,-19.2,3.0
vessel,1362530004,1,1127,94
vessel,1362530124,13,1302,41
vessel,1362530424,1,1103,97
wind_speed,1362530544,48.9,-30.3,5.6
wind_speed,1362530544,36.1,-47.5,0.2
wind_speed,1362530544,30.9,-19.2,9.8
wind_speed,1362530604,30.9,-19.2,5.5
vessel,1362530604,18,1848,45
wind_speed,1362530724,36.1,-47.5,17.4
wind_speed,1362530784,48.9,-30.3,15.9
wind_speed,1362530844,36.1,-47.5,13.0
vessel,1362530844,14,1898,47
vessel,1362530904,15,1563,13
vessel,1362530904,5,1478,19
vessel,1362530904,4,1971,2
wind_speed,1362530964,30.9,-19.2,4.2
vessel,1362530964,21,1585,41
wind_speed,1362531024,25.2,-46.8,3.6
wind_speed,1362531024,36.1,-47.5,6.4
wind_speed,1362531024,30.9,-19.2,17.3
vessel,1362531024,23,1447,36
vessel,1362531024,9,1882,80
vessel,1362531264,9,1667,69
vessel,1362531264,16,1101,16
wind_speed,1362531324,25.2,-46.8,7.7
vessel,1362531324,21,1659,57
wind_speed,1362531564,48.9,-30.3,11.0
vessel,1362531624,16,1358,11
wind_speed,1362531864,25.2,-46.8,15.0
wind_speed,1362531864,36.1,-47.5,17.4
wind_speed,1362531924,25.2,-46.8,11.4
wind_speed,1362532104,36.1,-47.5,19.9
wind_speed,1362532164,36.1,-47.5,11.9
vessel,1362532224,19,1795,85
wind_speed,1362532224,30.9,-19.2,5.6
vessel,1362532284,3,1960,97
vessel,1362532464,5,1437,51
wind_speed,1362532644,25.2,-46.8,17.8
wind_speed,1362532764,48.9,-30.3,11.4
wind_speed,1362532944,25.2,-46.8,13.4
vessel,1362532944,1,1140,13
vessel,1362533064,2,1057,93
wind_speed,1362533064,30.9,-19.2,14.6
wind_speed,1362533184,30.9,-19.2,5.2
wind_speed,1362533184,36.1,-47.5,10.5
vessel,1362533364,8,1436,24
vessel,1362533364,20,1215,31
wind_speed,1362533424,25.2,-46.8,18.0
wind_speed,1362533424,30.9,-19.2,4.2
vessel,1362533544,10,1879,57
wind_speed,1362533664,25.2,-46.8,8.2
vessel,1362533664,15,1741,21
vessel,1362533844,22,1081,68
wind_speed,1362533964,25.2,-46.8,8.2
wind_speed,1362534384,25.2,-46.8,12.2
vessel,1362534684,12,1142,89
wind_speed,1362534684,30.9,-19.2,19.1
vessel,1362534684,4,1036,55
vessel,1362534684,20,1616,86
wind_speed,1362534744,25.2,-46.8,0.3
vessel,1362534744,4,1034,31
vessel,1362535044,18,1415,14
wind_speed,1362535104,48.9,-30.3,17.7
vessel,1362535524,1,1923,21
wind_speed,1362535524,48.9,-30.3,19.7
vessel,1362535644,6,1681,91
vessel,1362535704,12,1796,53
vessel,1362535944,24,1831,49
vessel,1362536004,16,1384,86
wind_speed,1362536184,25.2,-46.8,0.0
wind_speed,1362536244,30.9,-19.2,3.4
wind_speed,1362536244,30.9,-19.2,10.1
wind_speed,1362536304,30.9,-19.2,5.5
vessel,1362536304,21,1988,0
wind_speed,1362536364,48.9,-30.3,15.4
wind_speed,1362536364,25.2,-46.8,0.8
wind_speed,1362536484,25.2,-46.8,6.7
wind_speed,1362536544,30.9,-19.2,8.5
wind_speed,1362536664,36.1,-47.5,10.1
wind_speed,1362536724,30.9,-19.2,0.1
vessel,1362536724,17,1008,76
wind_speed,1362536964,36.1,-47.5,2.0
wind_speed,1362537024,30.9,-19.2,6.2
wind_speed,1362537024,30.9,-19.2,3.0
wind_speed,1362537084,25.2,-46.8,11.8
vessel,1362537144,23,1201,57
wind_speed,1362537204,25.2,-46.8,19.9
wind_speed,1362537264,48.9,-30.3,12.0
wind_speed,1362537324,48.9,-30.3,5.9
vessel,1362537384,17,1704,48
wind_speed,1362537384,25.2,-46.8,18.6
vessel,1362537504,3,1328,85
vessel,1362537684,6,1646,61
wind_speed,1362538044,25.2,-46.8,14.0
wind_speed,1362538044,25.2,-46.8,18.0
vessel,1362538104,21,1638,8
wind_speed,1362538164,48.9,-30.3,3.8
vessel,1362538224,16,1897,64
vessel,1362538404,8,1695,38
vessel,1362538464,22,1405,38
vessel,1362538524,14,1034,68
vessel,1362538584,15,1728,23
wind_speed,1362538644,48.9,-30.3,6.9
wind_speed,1362538824,25.2,-46.8,19.7
wind_speed,1362538944,48.9,-30.3,7.1
vessel,1362539004,7,1879,36
wind_speed,1362539184,30.9,-19.2,12.1
vessel,1362539244,23,1388,4
vessel,1362539304,20,1489,47
wind_speed,1362539364,48.9,-30.3,14.4
wind_speed,1362539424,48.9,-30.3,1.8
wind_speed,1362539424,25.2,-46.8,14.9
wind_speed,1362539424,30.9,-19.2,5.9
wind_speed,1362539424,36.1,-47.5,0.6
vessel,1362539664,9,1273,66
wind_speed,1362539844,36.1,-47.5,5.7
vessel,1362539904,23,1294,79
vessel,1362539964,11,1892,33
wind_speed,1362539964,25.2,-46.8,17.2
wind_speed,1362540024,48.9,-30.3,7.9
vessel,1362540444,4,1039,26
wind_speed,1362540444,25.2,-46.8,8.8
vessel,1362540504,21,1007,55
wind_speed,1362540624,30.9,-19.2,4.6
wind_speed,1362540744,30.9,-19.2,19.4
wind_speed,1362541104,30.9,-19.2,3.3
vessel,1362541164,13,1357,95
wind_speed,1362541284,30.9,-19.2,10.4
vessel,1362541284,11,1619,71
vessel,1362541284,19,1112,3
wind_speed,1362541524,25.2,-46.8,3.8
vessel,1362541644,1,1229,93
vessel,1362541704,11,1090,4
wind_speed,1362541764,36.1,-47.5,2.0
vessel,1362541764,6,1252,10
wind_speed,1362541764,36.1,-47.5,2.9
wind_speed,1362541884,36.1,-47.5,1.8
wind_speed,1362542064,30.9,-19.2,19.3
vessel,1362542064,19,1265,66
vessel,1362542184,8,1989,49
vessel,1362542184,18,1772,38
vessel,1362542184,8,1355,55
wind_speed,1362542304,36.1,-47.5,17.4
wind_speed,1362542424,25.2,-46.8,0.7
vessel,1362542484,13,1457,7
vessel,1362542724,15,1847,10
wind_speed,1362542784,36.1,-47.5,14.1
vessel,1362542844,0,1109,18
vessel,1362542964,22,1369,65
vessel,1362543084,12,1418,23
wind_speed,1362543144,25.2,-46.8,4.1
vessel,1362543264,24,1946,92
vessel,1362543324,8,1665,71
wind_speed,1362543384,36.1,-47.5,17.7
wind_speed,1362543504,30.9,-19.2,0.0
wind_speed,1362543504,25.2,-46.8,19.1
wind_speed,1362543504,25.2,-46.8,13.2
vessel,1362543504,8,1144,56
vessel,1362543624,18,1936,93
vessel,1362543804,7,1820,21
vessel,1362543804,13,1256,66
vessel,1362543804,7,1766,4
vessel,1362544044,15,1769,68
wind_speed,1362544044,30.9,-19.2,9.6
vessel,1362544104,5,1562,11
wind_speed,1362544164,30.9,-19.2,17.3
vessel,1362544164,18,1747,13
wind_speed,1362544224,36.1,-47.5,0.1
wind_speed,1362544224,36.1,-47.5,4.9
vessel,1362544284,19,1928,62
vessel,1362544344,8,1527,52
vessel,1362544584,11,1203,64
wind_speed,1362544704,48.9,-30.3,6.8
wind_speed,1362544824,30.9,-19.2,8.3
wind_speed,1362544884,36.1,-47.5,16.4
vessel,1362544944,9,1577,40
vessel,1362545004,3,1552,21
vessel,1362545004,11,1619,55
wind_speed,1362545004,30.9,-19.2,8.5
vessel,1362545124,1,1322,73
wind_speed,1362545424,30.9,-19.2,8.6
vessel,1362545724,6,1181,65
vessel,1362545784,4,1521,0
wind_speed,1362545964,48.9,-30.3,13.1
vessel,1362545964,3,1135,58
wind_speed,1362546084,48.9,-30.3,13.7
wind_speed,1362546204,25.2,-46.8,9.8
wind_speed,1362546684,48.9,-30.3,10.3
wind_speed,1362546744,48.9,-30.3,0.2
wind_speed,1362546924,48.9,-30.3,10.3
wind_speed,1362546984,25.2,-46.8,11.4
wind_speed,1362547104,25.2,-46.8,8.6
vessel,1362547224,7,1397,28
wind_speed,1362547344,48.9,-30.3,8.5
wind_speed,1362547344,36.1,-47.5,3.4
wind_speed,1362547524,25.2,-46.8,10.8
wind_speed,1362547704,25.2,-46.8,12.6
wind_speed,1362547884,48.9,-30.3,7.1
vessel,1362547884,20,1648,75
wind_speed,1362547884,30.9,-19.2,3.1
wind_speed,1362547944,48.9,-30.3,11.2
wind_speed,1362548004,25.2,-46.8,2.7
wind_speed,1362548184,48.9,-30.3,10.1
vessel,1362548364,13,1138,1
wind_speed,1362548364,48.9,-30.3,8.8
wind_speed,1362548424,25.2,-46.8,15.2
vessel,1362548424,20,1221,15
wind_speed,1362548424,25.2,-46.8,9.8
wind_speed,1362548484,36.1,-47.5,13.6
vessel,1362548604,12,1447,67
vessel,1362548604,19,1411,6
vessel,1362548844,3,1509,7
wind_speed,1362548904,30.9,-19.2,6.7
vessel,1362548904,7,1012,9
vessel,1362549144,7,1041,49
vessel,1362549204,8,1213,22
vessel,1362549264,2,1422,19
vessel,1362549264,18,1018,56
wind_speed,1362549264,36.1,-47.5,13.1
wind_speed,1362549384,36.1,-47.5,0.3
vessel,1362549444,13,1794,19
wind_speed,1362549624,48.9,-30.3,1.2
wind_speed,1362549624,25.2,-46.8,5.1
wind_speed,1362549684,25.2,-46.8,11.9
wind_speed,1362549804,30.9,-19.2,1.0
wind_speed,1362549804,36.1,-47.5,5.7
vessel,1362549924,20,1817,24
wind_speed,1362549984,48.9,-30.3,15.5
wind_speed,1362549984,48.9,-30.3,6.0
vessel,1362550044,5,1029,17
vessel,1362550164,3,1318,2
wind_speed,1362550284,30.9,-19.2,15.5
wind_speed,1362550524,36.1,-47.5,17.5
vessel,1362550524,23,1343,19
wind_speed,1362550704,48.9,-30.3,10.2
wind_speed,1362551004,30.9,-19.2,14.9
wind_speed,1362551004,36.1,-47.5,19.1
wind_speed,1362551004,48.9,-30.3,13.4
wind_speed,1362551124,36.1,-47.5,15.1
wind_speed,1362551244,48.9,-30.3,15.3
wind_speed,1362551244,30.9,-19.2,17.7
wind_speed,1362551304,48.9,-30.3,3.9
wind_speed,1362551304,48.9,-30.3,4.9
wind_speed,1362551364,30.9,-19.2,16.0
vessel,1362551604,11,1403,23
wind_speed,1362551724,48.9,-30.3,12.0
wind_speed,1362551784,30.9,-19.2,13.4
vessel,1362551844,23,1703,64
wind_speed,1362551844,36.1,-47.5,19.9
vessel,1362551904,22,1276,8
vessel,1362552024,19,1316,75
vessel,1362552024,8,1879,76
vessel,1362552024,17,1649,53
wind_speed,1362552084,36.1,-47.5,18.9
vessel,1362552144,18,1652,63
vessel,1362552144,7,1712,12
wind_speed,1362552204,30.9,-19.2,19.6
wind_speed,1362552204,25.2,-46.8,6.8
vessel,1362552384,16,1316,45
wind_speed,1362552444,48.9,-30.3,5.2
wind_speed,1362552444,36.1,-47.5,19.6
wind_speed,1362552804,48.9,-30.3,15.1
wind_speed,1362552804,48.9,-30.3,14.7
vessel,1362553044,8,1180,85
vessel,1362553104,17,1092,43
vessel,1362553164,1,1557,6
vessel,1362553164,12,1677,87
wind_speed,1362553284,48.9,-30.3,6.0
vessel,1362553404,8,1975,56
vessel,1362553644,9,1698,99
vessel,1362553704,12,1631,3
wind_speed,1362553764,48.9,-30.3,3.3
vessel,1362553884,2,1704,94
vessel,1362554064,5,1465,9
vessel,1362554064,0,1950,52
wind_speed,1362554184,48.9,-30.3,5.8
vessel,1362554244,12,1912,74
vessel,1362554304,17,1139,56
vessel,1362554424,18,1148,28
wind_speed,1362554424,48.9,-30.3,6.2
wind_speed,1362554484,30.9,-19.2,19.4
wind_speed,1362554484,48.9,-30.3,12.1
wind_speed,1362554604,25.2,-46.8,1.9
wind_speed,1362554844,36.1,-47.5,5.0
wind_speed,1362555204,36.1,-47.5,17.7
wind_speed,1362555204,36.1,-47.5,16.5
vessel,1362555444,3,1669,11
wind_speed,1362555444,30.9,-19.2,3.2
wind_speed,1362555444,30.9,-19.2,16.8
wind_speed,1362555504,25.2,-46.8,16.4
wind_speed,1362555504,48.9,-30.3,11.9
vessel,1362555504,7,1138,78
vessel,1362555624,18,1878,18
wind_speed,1362555684,25.2,-46.8,10.2
vessel,1362555744,12,1511,85
vessel,1362555804,13,1422,8
vessel,1362555924,16,1598,10
vessel,1362555924,11,1756,50
vessel,1362555924,21,1061,39
wind_speed,1362555924,30.9,-19.2,3.3
wind_speed,1362556044,36.1,-47.5,14.7
wind_speed,1362556164,36.1,-47.5,0.5
vessel,1362556224,0,1455,39
vessel,1362556224,24,1460,59
vessel,1362556224,11,1021,8
wind_speed,1362556284,30.9,-19.2,19.8
wind_speed,1362556344,48.9,-30.3,1.7
wind_speed,1362556464,36.1,-47.5,2.6
wind_speed,1362556644,30.9,-19.2,16.4
wind_speed,1362557064,30.9,-19.2,0.5
vessel,1362557424,17,1834,59
vessel,1362557484,9,1780,95
wind_speed,1362557544,30.9,-19.2,17.9
wind_speed,1362557604,25.2,-46.8,12.5
vessel,1362557784,12,1835,98
wind_speed,1362557784,48.9,-30.3,2.2
vessel,1362557964,5,1573,11
wind_speed,1362558144,36.1,-47.5,6.7
vessel,1362558144,10,1932,81
vessel,1362558324,9,1546,80
vessel,1362558384,24,1269,75
vessel,1362558384,13,1743,79
vessel,1362558384,17,1347,1
vessel,1362558444,21,1142,73
wind_speed,1362558504,36.1,-47.5,12.4
wind_speed,1362558744,48.9,-30.3,6.6
vessel,1362558744,19,1956,70
wind_speed,1362558744,48.9,-30.3,10.5
vessel,1362558744,3,1551,29
vessel,1362558924,17,1996,95
vessel,1362558984,12,1854,35
vessel,1362559224,14,1681,79
wind_speed,1362559284,36.1,-47.5,13.3
wind_speed,1362559524,30.9,-19.2,12.9
wind_speed,1362559524,30.9,-19.2,4.2
wind_speed,1362559644,36.1,-47.5,9.8
vessel,1362559644,4,1866,18
wind_speed,1362559764,25.2,-46.8,18.1
wind_speed,1362559884,48.9,-30.3,7.7
wind_speed,1362560184,48.9,-30.3,3.0
vessel,1362560244,12,1597,63
wind_speed,1362560304,48.9,-30.3,8.5
vessel,1362560364,21,1720,1
vessel,1362560484,16,1434,69
wind_speed,1362560544,30.9,-19.2,19.4
vessel,1362560604,7,1116,94
vessel,1362560664,16,1026,91
vessel,1362560784,8,1395,95
wind_speed,1362561024,48.9,-30.3,0.9
vessel,1362561084,1,1083,36
vessel,1362561204,17,1600,47
vessel,1362561264,16,1084,94
vessel,1362561324,24,1239,90
wind_speed,1362561444,48.9,-30.3,6.1
vessel,1362561624,14,1944,58
vessel,1362561624,11,1283,67
vessel,1362561804,5,1121,72
wind_speed,1362561864,30.9,-19.2,5.5
wind_speed,1362562164,30.9,-19.2,16.9
vessel,1362562164,9,1215,11
vessel,1362562284,3,1774,55
wind_speed,1362562344,48.9,-30.3,17.9
vessel,1362562524,7,1947,18
wind_speed,1362562524,25.2,-46.8,9.4
wind_speed,1362562644,30.9,-19.2,13.2
wind_speed,1362562644,30.9,-19.2,6.3
vessel,1362562704,16,1778,54
wind_speed,1362562824,30.9,-19.2,11.2
wind_speed,1362562824,25.2,-46.8,12.6
vessel,1362562884,13,1826,67
wind_speed,1362562884,36.1,-47.5,16.6
vessel,1362563004,23,1766,40
wind_speed,1362563004,30.9,-19.2,16.8
wind_speed,1362563604,25.2,-46.8,12.9
wind_speed,1362563724,36.1,-47.5,6.4
vessel,1362563724,22,1021,39
vessel,1362563784,6,1735,63
wind_speed,1362563784,48.9,-30.3,6.1
vessel,1362563844,23,1637,6
wind_speed,1362564144,30.9,-19.2,9.6
vessel,1362564204,1,1463,90
vessel,1362564204,12,1910,11
vessel,1362564324,21,1960,67
wind_speed,1362564384,36.1,-47.5,2.9
vessel,1362564504,7,1329,31
vessel,1362564564,1,1888,92
vessel,1362564624,14,1962,46
vessel,1362564804,12,1225,26
vessel,1362565104,20,1598,77
wind_speed,1362565404,25.2,-46.8,11.1
wind_speed,1362565764,48.9,-30.3,12.7
vessel,1362565764,10,1607,10
vessel,1362565824,15,1300,20
vessel,1362565824,21,1552,0
vessel,1362565824,12,1880,66
vessel,1362565884,1,1086,79
vessel,1362565944,20,1440,97
vessel,1362565944,11,1914,90
vessel,1362566004,3,1166,69
wind_speed,1362566064,30.9,-19.2,2.8
wind_speed,1362566304,30.9,-19.2,1.2
wind_speed,1362566484,25.2,-46.8,2.8
vessel,1362566664,21,1319,4
vessel,1362566724,10,1887,45
wind_speed,1362566844,30.9,-19.2,8.3
vessel,1362566844,8,1014,9
wind_speed,1362566964,30.9,-19.2,16.9
wind_speed,1362567024,36.1,-47.5,3.5
vessel,1362567024,4,1089,31
vessel,1362567204,11,1337,53
wind_speed,1362567264,36.1,-47.5,12.6
vessel,1362567564,4,1195,99
wind_speed,1362567624,25.2,-46.8,12.0
vessel,1362567684,20,1367,6
wind_speed,1362567684,25.2,-46.8,17.3
wind_speed,1362567684,48.9,-30.3,11.2
wind_speed,1362567804,25.2,-46.8,5.2
wind_speed,1362567804,48.9,-30.3,10.0
vessel,1362567864,7,1967,19
wind_speed,1362567864,30.9,-19.2,9.1
wind_speed,1362567924,30.9,-19.2,1.2
wind_speed,1362567984,48.9,-30.3,4.4
wind_speed,1362568164,30.9,-19.2,0.7
wind_speed,1362568164,25.2,-46.8,12.5
wind_speed,1362568344,36.1,-47.5,5.2
wind_speed,1362568464,30.9,-19.2,16.7
vessel,1362568584,14,1010,44
wind_speed,1362568824,36.1,-47.5,8.9
wind_speed,1362568884,36.1,-47.5,8.3
vessel,1362569184,12,1630,56
wind_speed,1362569184,30.9,-19.2,1.3
wind_speed,1362569244,36.1,-47.5,2.3
vessel,1362569364,12,1085,28
wind_speed,1362569364,36.1,-47.5,7.6
vessel,1362569424,7,1156,99
vessel,1362569544,13,1998,6
wind_speed,1362569604,25.2,-46.8,4.1
wind_speed,1362569664,36.1,-47.5,9.2
vessel,1362569844,14,1916,91
vessel,1362570024,18,1075,93
vessel,1362570084,0,1555,17
vessel,1362570084,1,1115,16
vessel,1362570084,10,1427,99
wind_speed,1362570144,36.1,-47.5,2.3
wind_speed,1362570564,30.9,-19.2,4.8
wind_speed,1362570864,36.1,-47.5,3.2
wind_speed,1362570864,48.9,-30.3,11.6
wind_speed,1362571044,36.1,-47.5,18.1
vessel,1362571104,15,1105,14
vessel,1362571284,21,1084,61
wind_speed,1362571464,36.1,-47.5,15.9
vessel,1362571704,1,1619,71
vessel,1362571884,11,1264,36
vessel,1362572184,2,1367,92
vessel,1362572244,21,1919,35
vessel,1362572244,12,1557,23
wind_speed,1362572304,25.2,-46.8,2.0
wind_speed,1362572484,36.1,-47.5,11.6
wind_speed,1362572664,30.9,-19.2,1.3
wind_speed,1362572664,48.9,-30.3,4.3
wind_speed,1362572724,48.9,-30.3,10.4
vessel,1362572784,12,1895,18
vessel,1362572904,14,1076,85
vessel,1362573024,7,1097,16
wind_speed,1362573144,30.9,-19.2,0.6
vessel,1362573204,21,1809,16
vessel,1362573204,9,1385,64
vessel,1362573264,6,1396,39
wind_speed,1362573264,30.9,-19.2,10.6
vessel,1362573264,19,1475,46
wind_speed,1362573384,30.9,-19.2,6.3
vessel,1362573564,2,1210,71
wind_speed,1362573564,48.9,-30.3,11.2
wind_speed,1362573804,25.2,-46.8,7.4
wind_speed,1362573804,25.2,-46.8,7.3
wind_speed,1362573864,25.2,-46.8,4.0
wind_speed,1362573924,30.9,-19.2,5.0
wind_speed,1362574044,36.1,-47.5,8.3
wind_speed,1362574104,36.1,-47.5,6.6
vessel,1362574284,5,1847,64
wind_speed,1362574344,48.9,-30.3,16.2
wind_speed,1362574344,30.9,-19.2,1.5
wind_speed,1362574584,25.2,-46.8,18.2
wind_speed,1362574584,48.9,-30.3,9.2
vessel,1362574644,15,1145,48
wind_speed,1362574764,25.2,-46.8,3.4
wind_speed,1362574764,30.9,-19.2,14.9
wind_speed,1362574884,30.9,-19.2,4.3
wind_speed,1362574884,48.9,-30.3,19.7
vessel,1362575064,24,1313,5
wind_speed,1362575064,30.9,-19.2,10.1
wind_speed,1362575124,36.1,-47.5,12.6
vessel,1362575184,10,1186,41
wind_speed,1362575304,25.2,-46.8,17.4
vessel,1362575364,4,1052,60
vessel,1362575364,14,1382,18
wind_speed,1362575424,36.1,-47.5,2.4
vessel,1362575424,11,1111,62
vessel,1362575424,1,1486,4
vessel,1362575424,13,1306,41
vessel,1362575544,12,1882,50
vessel,1362575604,11,1335,7
vessel,1362575844,24,1257,24
vessel,1362575904,18,1465,20
wind_speed,1362576024,48.9,-30.3,18.5
wind_speed,1362576144,36.1,-47.5,12.5
vessel,1362576324,3,1053,64
wind_speed,1362576384,30.9,-19.2,1.8
wind_speed,1362576384,25.2,-46.8,11.3
vessel,1362576444,0,1660,10
vessel,1362576684,18,1103,62
vessel,1362576684,0,1026,44
vessel,1362576744,6,1320,72
wind_speed,1362576864,30.9,-19.2,12.5
vessel,1362576924,6,1018,56
wind_speed,1362577044,48.9,-30.3,7.1
wind_speed,1362577584,48.9,-30.3,6.5
vessel,1362577824,18,1245,26
wind_speed,1362577884,25.2,-46.8,11.6
vessel,1362577944,3,1533,91
vessel,1362578124,8,1527,84
wind_speed,1362578244,30.9,-19.2,5.8
wind_speed,1362578244,25.2,-46.8,16.0
vessel,1362578364,10,1972,57
vessel,1362578364,4,1640,91
vessel,1362578364,22,1741,44
vessel,1362578364,8,1905,19
wind_speed,1362578364,25.2,-46.8,9.4
vessel,1362578484,0,1669,12
vessel,1362578484,18,1528,32
wind_speed,1362578784,30.9,-19.2,2.4
wind_speed,1362578904,48.9,-30.3,7.8
wind_speed,1362578964,25.2,-46.8,1.4
vessel,1362578964,24,1934,13
vessel,1362579144,17,1420,35
vessel,1362579144,5,1216,20
wind_speed,1362579264,36.1,-47.5,16.2
wind_speed,1362579444,48.9,-30.3,17.6
wind_speed,1362579444,25.2,-46.8,2.6
wind_speed,1362579504,25.2,-46.8,11.8
vessel,1362579804,14,1309,47
vessel,1362579864,2,1938,29
wind_speed,1362579864,25.2,-46.8,1.0
wind_speed,1362579984,30.9,-19.2,0.6
wind_speed,1362579984,36.1,-47.5,4.3
wind_speed,1362580224,30.9,-19.2,3.0
vessel,1362580284,1,1236,38
wind_speed,1362580284,30.9,-19.2,19.7
vessel,1362580344,10,1107,16
vessel,1362580344,22,1145,37
vessel,1362580404,1,1448,14
wind_speed,1362580464,25.2,-46.8,13.5
vessel,1362580584,19,1650,54
wind_speed,1362581004,48.9,-30.3,9.5
wind_speed,1362581004,48.9,-30.3,7.1
wind_speed,1362581064,48.9,-30.3,6.9
wind_speed,1362581184,48.9,-30.3,4.0
wind_speed,1362581184,25.2,-46.8,4.7
vessel,1362581184,2,1043,19
wind_speed,1362581244,36.1,-47.5,8.9
vessel,1362581364,12,1213,61
vessel,1362581364,19,1684,27
wind_speed,1362581424,36.1,-47.5,13.5
vessel,1362581424,24,1031,97
vessel,1362581424,7,1967,35
vessel,1362581484,24,1084,89
wind_speed,1362581484,25.2,-46.8,4.7
vessel,1362581604,3,1705,14
wind_speed,1362581724,30.9,-19.2,4.0
wind_speed,1362581724,48.9,-30.3,7.4
vessel,1362581724,21,1928,48
vessel,1362581844,5,1803,98
wind_speed,1362581904,25.2,-46.8,10.9
vessel,1362581964,4,1370,16
vessel,1362581964,1,1187,45
wind_speed,1362581964,36.1,-47.5,3.5